<?xml version="1.0" encoding="UTF-8"?>
<testng-results skipped="0" failed="0" ignored="0" total="1" passed="1">
  <reporter-output>
  </reporter-output>
  <suite name="Default suite" duration-ms="8993" started-at="2018-12-09T23:30:12Z" finished-at="2018-12-09T23:30:21Z">
    <groups>
    </groups>
    <test name="Default test" duration-ms="8993" started-at="2018-12-09T23:30:12Z" finished-at="2018-12-09T23:30:21Z">
      <class name="com.qa.singletondesignpattern.testhomepage.TC001_TwitterTextsValidation">
        <test-method status="PASS" signature="launchTwiter()[pri:0, instance:com.qa.singletondesignpattern.testhomepage.TC001_TwitterTextsValidation@46daef40]" name="launchTwiter" is-config="true" duration-ms="4692" started-at="2018-12-09T23:30:12Z" finished-at="2018-12-09T23:30:17Z">
          <reporter-output>
          </reporter-output>
        </test-method> <!-- launchTwiter -->
        <test-method status="PASS" signature="tc001_TwitterTextsValidation()[pri:0, instance:com.qa.singletondesignpattern.testhomepage.TC001_TwitterTextsValidation@46daef40]" name="tc001_TwitterTextsValidation" duration-ms="3490" started-at="2018-12-09T23:30:17Z" finished-at="2018-12-09T23:30:20Z">
          <reporter-output>
          </reporter-output>
        </test-method> <!-- tc001_TwitterTextsValidation -->
        <test-method status="PASS" signature="tearDown()[pri:0, instance:com.qa.singletondesignpattern.testhomepage.TC001_TwitterTextsValidation@46daef40]" name="tearDown" is-config="true" duration-ms="788" started-at="2018-12-09T23:30:20Z" finished-at="2018-12-09T23:30:21Z">
          <reporter-output>
          </reporter-output>
        </test-method> <!-- tearDown -->
      </class> <!-- com.qa.singletondesignpattern.testhomepage.TC001_TwitterTextsValidation -->
    </test> <!-- Default test -->
  </suite> <!-- Default suite -->
</testng-results>
