<?xml version="1.0" encoding="UTF-8"?>
<testng-results skipped="0" failed="0" ignored="0" total="1" passed="1">
  <reporter-output>
  </reporter-output>
  <suite name="Suite" duration-ms="10907" started-at="2018-12-10T00:02:33Z" finished-at="2018-12-10T00:02:44Z">
    <groups>
    </groups>
    <test name="Test" duration-ms="10907" started-at="2018-12-10T00:02:33Z" finished-at="2018-12-10T00:02:44Z">
      <class name="com.qa.singletondesignpattern.testhomepage.TC001_TwitterTextsValidation">
        <test-method status="PASS" signature="launchTwiter()[pri:0, instance:com.qa.singletondesignpattern.testhomepage.TC001_TwitterTextsValidation@46daef40]" name="launchTwiter" is-config="true" duration-ms="5099" started-at="2018-12-10T00:02:33Z" finished-at="2018-12-10T00:02:38Z">
          <reporter-output>
          </reporter-output>
        </test-method> <!-- launchTwiter -->
        <test-method status="PASS" signature="tc001_TwitterTextsValidation()[pri:0, instance:com.qa.singletondesignpattern.testhomepage.TC001_TwitterTextsValidation@46daef40]" name="tc001_TwitterTextsValidation" duration-ms="5014" started-at="2018-12-10T00:02:38Z" finished-at="2018-12-10T00:02:43Z">
          <reporter-output>
          </reporter-output>
        </test-method> <!-- tc001_TwitterTextsValidation -->
        <test-method status="PASS" signature="tearDown()[pri:0, instance:com.qa.singletondesignpattern.testhomepage.TC001_TwitterTextsValidation@46daef40]" name="tearDown" is-config="true" duration-ms="753" started-at="2018-12-10T00:02:43Z" finished-at="2018-12-10T00:02:44Z">
          <reporter-output>
          </reporter-output>
        </test-method> <!-- tearDown -->
      </class> <!-- com.qa.singletondesignpattern.testhomepage.TC001_TwitterTextsValidation -->
    </test> <!-- Test -->
  </suite> <!-- Suite -->
</testng-results>
